[ Info: Indexing package ORCA 0.4.0...
   Updating registry at `~/.julia/registries/General`
#=#=#                                                                         ##O#- #                                                                       #####                                                                      8.2%#######################                                                   32.6%############################################                              61.5%#################################################################         91.0%######################################################################## 100.0%
  Resolving package versions...
  Installed NodeJS ────────────── v1.1.1
  Installed ORCA ──────────────── v0.4.0
  Installed Requires ──────────── v1.1.2
  Installed IniFile ───────────── v0.5.0
  Installed Parsers ───────────── v1.0.15
  Installed PlotlyBase ────────── v0.3.1
  Installed LaTeXStrings ──────── v1.2.0
  Installed MbedTLS ───────────── v1.0.3
  Installed JSON ──────────────── v0.21.1
  Installed JLLWrappers ───────── v1.2.0
  Installed HTTP ──────────────── v0.8.19
  Installed DocStringExtensions ─ v0.8.3
  Installed Artifacts ─────────── v1.3.0
  Installed MbedTLS_jll ───────── v2.16.8+1
Updating `~/.julia/environments/v1.5/Project.toml`
  [47be7bcc] + ORCA v0.4.0
Updating `~/.julia/environments/v1.5/Manifest.toml`
  [56f22d72] + Artifacts v1.3.0
  [ffbed154] + DocStringExtensions v0.8.3
  [cd3eb016] + HTTP v0.8.19
  [83e8ac13] + IniFile v0.5.0
  [692b3bcd] + JLLWrappers v1.2.0
  [682c06a0] + JSON v0.21.1
  [b964fa9f] + LaTeXStrings v1.2.0
  [739be429] + MbedTLS v1.0.3
  [c8ffd9c3] + MbedTLS_jll v2.16.8+1
  [2bd173c7] + NodeJS v1.1.1
  [47be7bcc] + ORCA v0.4.0
  [69de0a69] + Parsers v1.0.15
  [a03496cd] + PlotlyBase v0.3.1
  [ae029012] + Requires v1.1.2
  [2a0f44e3] + Base64
  [ade2ca70] + Dates
  [8bb1440f] + DelimitedFiles
  [8ba89e20] + Distributed
  [b77e0a4c] + InteractiveUtils
  [76f85450] + LibGit2
  [8f399da3] + Libdl
  [37e2e46d] + LinearAlgebra
  [56ddb016] + Logging
  [d6f4376e] + Markdown
  [a63ad114] + Mmap
  [44cfe95a] + Pkg
  [de0858da] + Printf
  [3fa0cd96] + REPL
  [9a3f8284] + Random
  [ea8e919c] + SHA
  [9e88b42a] + Serialization
  [6462fe0b] + Sockets
  [2f01184e] + SparseArrays
  [10745b16] + Statistics
  [8dfed614] + Test
  [cf7118a7] + UUIDs
  [4ec0a83e] + Unicode
   Building ORCA → `~/.julia/packages/ORCA/jdK40/deps/build.log`
┌ Error: Error building `ORCA`: 
│ npm WARN deprecated request@2.88.2: request has been deprecated, see https://github.com/request/request/issues/3142
│ npm WARN deprecated har-validator@5.1.5: this library is no longer supported
│ npm WARN deprecated left-pad@1.3.0: use String.prototype.padStart()
│ npm WARN deprecated request-promise-native@1.0.9: request-promise-native has been deprecated because it extends the now deprecated request package, see https://github.com/request/request/issues/3142
│ /root/.julia/artifacts/a42f5c72a500a8683c08a5e818d27a104fc9cd5a/bin/electron -> /root/.julia/artifacts/a42f5c72a500a8683c08a5e818d27a104fc9cd5a/lib/node_modules/electron/cli.js
│ /root/.julia/artifacts/a42f5c72a500a8683c08a5e818d27a104fc9cd5a/bin/orca -> /root/.julia/artifacts/a42f5c72a500a8683c08a5e818d27a104fc9cd5a/lib/node_modules/orca/bin/orca.js
│ 
│ > electron@6.1.4 postinstall /root/.julia/artifacts/a42f5c72a500a8683c08a5e818d27a104fc9cd5a/lib/node_modules/electron
│ > node install.js
│ 
│ sh: 1: node: Permission denied
│ npm ERR! code ELIFECYCLE
│ npm ERR! syscall spawn
│ npm ERR! file sh
│ npm ERR! errno ENOENT
│ npm ERR! electron@6.1.4 postinstall: `node install.js`
│ npm ERR! spawn ENOENT
│ npm ERR! 
│ npm ERR! Failed at the electron@6.1.4 postinstall script.
│ npm ERR! This is probably not a problem with npm. There is likely additional logging output above.
│ 
│ npm ERR! A complete log of this run can be found in:
│ npm ERR!     /root/.npm/_logs/2021-01-14T03_40_01_966Z-debug.log
│ ERROR: LoadError: failed process: Process(`/root/.julia/artifacts/a42f5c72a500a8683c08a5e818d27a104fc9cd5a/bin/node /root/.julia/artifacts/a42f5c72a500a8683c08a5e818d27a104fc9cd5a/bin/npm install -g electron@6.1.4 orca`, ProcessExited(1)) [1]
│ 
│ Stacktrace:
│  [1] pipeline_error at ./process.jl:525 [inlined]
│  [2] run(::Cmd; wait::Bool) at ./process.jl:440
│  [3] run at ./process.jl:438 [inlined]
│  [4] main() at /root/.julia/packages/ORCA/jdK40/deps/build.jl:5
│  [5] top-level scope at /root/.julia/packages/ORCA/jdK40/deps/build.jl:30
│  [6] include(::String) at ./client.jl:457
│  [7] top-level scope at none:5
│ in expression starting at /root/.julia/packages/ORCA/jdK40/deps/build.jl:30
└ @ Pkg.Operations /buildworker/worker/package_linux64/build/usr/share/julia/stdlib/v1.5/Pkg/src/Operations.jl:949
ERROR: LoadError: ORCA not installed properly. Please call `Pkg.build("ORCA")`
Stacktrace:
 [1] error(::String) at ./error.jl:33
 [2] top-level scope at /root/.julia/packages/ORCA/jdK40/src/ORCA.jl:10
 [3] include(::Function, ::Module, ::String) at ./Base.jl:380
 [4] include(::Module, ::String) at ./Base.jl:368
 [5] top-level scope at none:2
 [6] eval at ./boot.jl:331 [inlined]
 [7] eval(::Expr) at ./client.jl:467
 [8] top-level scope at ./none:3
in expression starting at /root/.julia/packages/ORCA/jdK40/src/ORCA.jl:7
[ Info: Could not load package, exiting.
